Received POST /api/campaigns at frontend proxy: {"name":"Pathfinder 2","description":"PF 2","game_rules_id":"3","image_url":"","username":"nevarim@gmail.com"}
Received POST /api/campaigns at frontend proxy: {"name":"Pathfinder","description":"PF","game_rules_id":"3","image_url":"","username":"nevarim"}
Received POST /api/campaigns at frontend proxy: {"name":"D&D 5","description":"D&D 5","game_rules_id":"1","image_url":"","username":"nevarim"}
Received POST /api/campaigns at frontend proxy: {"name":"D&D 3.5","description":"3.5","game_rules_id":"4","image_url":"","username":"nevarim"}
Received POST /api/campaigns at frontend proxy: {"name":"Pathfinder 2","description":"PF 2","game_rules_id":"3","image_url":"","username":"nevarim"}
Received POST /api/campaigns at frontend proxy: {"name":"Pathfinder 2","description":"PF 2","game_rules_id":"3","image_url":"","username":"nevarim"}
Received POST /api/campaigns at frontend proxy: {"name":"Pathfinder","description":"PF","game_rules_id":"2","image_url":"","username":"nevarim"}
Received POST /api/campaigns at frontend proxy: {"name":"D&D 5","description":"D&D 5","game_rules_id":"1","image_url":"","username":"nevarim"}
Received POST /api/campaigns at frontend proxy: {"name":"D&D 3.5","description":"3.5","game_rules_id":"4","image_url":"","username":"nevarim"}
UPLOAD PROXY: Received fields: {"user_id":"1","campaign_id":"2"}
UPLOAD PROXY: Received file: png-clipart-graphy-fantasy-warrior-warrior-photography-action-figure.png image/png 39024
UPLOAD PROXY ERROR: AggregateError
UPLOAD PROXY: Received fields: {"user_id":"1","campaign_id":"2"}
UPLOAD PROXY: Received file: Untitled.png image/png 487787
UPLOAD PROXY ERROR: AggregateError
UPLOAD PROXY: Received fields: {"user_id":"1","campaign_id":"2"}
UPLOAD PROXY: Received file: png-clipart-graphy-fantasy-warrior-warrior-photography-action-figure.png image/png 39024
UPLOAD PROXY: Forwarding to backend with user_id=1, campaign_id=2
UPLOAD PROXY ERROR: AggregateError
UPLOAD PROXY: Received fields: {"user_id":"1","campaign_id":"2"}
UPLOAD PROXY: Received file: door.png image/png 35189
UPLOAD PROXY: Forwarding to backend with user_id=1, campaign_id=2
UPLOAD PROXY ERROR: AggregateError
UPLOAD PROXY: Received fields: {"user_id":"1","campaign_id":"2"}
UPLOAD PROXY: Received file: png-clipart-graphy-fantasy-warrior-warrior-photography-action-figure.png image/png 39024
UPLOAD PROXY: Forwarding to backend with user_id=1, campaign_id=2
UPLOAD PROXY ERROR: AggregateError
UPLOAD PROXY: Received fields: {"user_id":"1","campaign_id":"2"}
UPLOAD PROXY: Received file: door.png image/png 35189
UPLOAD PROXY: Forwarding to backend with user_id=1, campaign_id=2
UPLOAD PROXY ERROR: AggregateError
UPLOAD PROXY: Received fields: {"user_id":"1","campaign_id":"2"}
UPLOAD PROXY: Received file: Untitled.png image/png 487787
UPLOAD PROXY: Forwarding to backend with user_id=1, campaign_id=2
UPLOAD PROXY ERROR: AggregateError
UPLOAD PROXY: Received fields: {"user_id":"1","campaign_id":"2"}
UPLOAD PROXY: Received file: circle.png image/png 168278
UPLOAD PROXY: Forwarding to backend with user_id=1, campaign_id=2
UPLOAD PROXY ERROR: AggregateError
UPLOAD PROXY: Received fields: {"user_id":"1","campaign_id":"2"}
UPLOAD PROXY: Received file: door.png image/png 35189
UPLOAD PROXY: Forwarding to backend with user_id=1, campaign_id=2
UPLOAD PROXY ERROR: AggregateError
UPLOAD PROXY: Received fields: {"user_id":"1","campaign_id":"2"}
UPLOAD PROXY: Received file: Untitled.png image/png 487787
UPLOAD PROXY: Forwarding to backend with user_id=1, campaign_id=2
UPLOAD PROXY ERROR: AggregateError
Received POST /api/campaigns at frontend proxy: {"name":"Pathfinder 2","description":"p","game_rules_id":"","image_url":"","username":"nevarim"}
Received POST /api/campaigns at frontend proxy: {"name":"Pathfinder 2","description":"p","game_rules_id":"","image_url":"","username":"nevarim"}
Received POST /api/campaigns at frontend proxy: {"name":"Pathfinder 2","description":"p","game_rules_id":"","image_url":"","username":"nevarim"}
UPLOAD PROXY: Received fields: {"user_id":"1","campaign_id":"2"}
UPLOAD PROXY: Received file: Untitled.png image/png 487787
UPLOAD PROXY: Forwarding to backend with user_id=1, campaign_id=2
UPLOAD PROXY ERROR: AggregateError
UPLOAD PROXY: Received fields: {"user_id":"1","campaign_id":"2"}
UPLOAD PROXY: Received file: test_image.png image/png 67
UPLOAD PROXY: Forwarding to backend with user_id=1, campaign_id=2
UPLOAD PROXY: Backend response: {"success":true,"image_url":"backend/images/campaign_2/test_image.png"}
UPLOAD PROXY: Success
UPLOAD PROXY: Received fields: {"user_id":"1","campaign_id":"2"}
UPLOAD PROXY: Received file: circle.png image/png 168278
UPLOAD PROXY: Forwarding to backend with user_id=1, campaign_id=2
UPLOAD PROXY ERROR: AggregateError
UPLOAD PROXY: Received fields: {"user_id":"1","campaign_id":"17"}
UPLOAD PROXY: Received file: 15.png image/png 72
UPLOAD PROXY: Forwarding to backend with user_id=1, campaign_id=17
UPLOAD PROXY: Backend response: {"success":true,"url":"images/campaign/1/17.png"}
UPLOAD PROXY: Success
UPLOAD PROXY: Received fields: {"user_id":"1","campaign_id":"6"}
UPLOAD PROXY: Received file: png-clipart-graphy-fantasy-warrior-warrior-photography-action-figure.png image/png 39024
UPLOAD PROXY: Forwarding to backend with user_id=1, campaign_id=6
UPLOAD PROXY ERROR: AggregateError
UPLOAD PROXY: Received fields: {"user_id":"1","campaign_id":"2"}
UPLOAD PROXY: Received file: Untitled.png image/png 487787
UPLOAD PROXY: Forwarding to backend with user_id=1, campaign_id=2
UPLOAD PROXY ERROR: AggregateError
UPLOAD PROXY: Received fields: {"user_id":"1","campaign_id":"2"}
UPLOAD PROXY: Received file: png-clipart-graphy-fantasy-warrior-warrior-photography-action-figure.png image/png 39024
UPLOAD PROXY: Forwarding to backend with user_id=1, campaign_id=2
UPLOAD PROXY ERROR: AggregateError: 
UPLOAD PROXY ERROR: Error code: ECONNREFUSED
UPLOAD PROXY ERROR: No response received from backend
UPLOAD PROXY: Received fields: {"user_id":"1","campaign_id":"2"}
UPLOAD PROXY: Received file: circle.png image/png 168278
UPLOAD PROXY: Forwarding to backend with user_id=1, campaign_id=2
UPLOAD PROXY ERROR: AggregateError: 
UPLOAD PROXY ERROR: Error code: ECONNREFUSED
UPLOAD PROXY ERROR: No response received from backend
UPLOAD PROXY: Received fields: {"user_id":"1","campaign_id":"2"}
UPLOAD PROXY: Received file: circle.png image/png 168278
UPLOAD PROXY: Forwarding to backend with user_id=1, campaign_id=2
UPLOAD PROXY ERROR: AggregateError: 
UPLOAD PROXY ERROR: Error code: ECONNREFUSED
UPLOAD PROXY ERROR: No response received from backend
UPLOAD PROXY: Received fields: {"user_id":"1","campaign_id":"2"}
UPLOAD PROXY: Received file: door.png image/png 35189
UPLOAD PROXY: Forwarding to backend with user_id=1, campaign_id=2
UPLOAD PROXY ERROR: AggregateError: 
UPLOAD PROXY ERROR: Error code: ECONNREFUSED
UPLOAD PROXY ERROR: No response received from backend
UPLOAD PROXY: Received fields: {"user_id":"1","campaign_id":"2"}
UPLOAD PROXY: Received file: circle.png image/png 168278
UPLOAD PROXY: Forwarding to backend with user_id=1, campaign_id=2
UPLOAD PROXY ERROR: AggregateError: 
UPLOAD PROXY ERROR: Error code: ECONNREFUSED
UPLOAD PROXY ERROR: No response received from backend
UPLOAD PROXY: Received fields: {"user_id":"1","campaign_id":"2"}
UPLOAD PROXY: Received file: Untitled.png image/png 487787
UPLOAD PROXY: Forwarding to backend with user_id=1, campaign_id=2
UPLOAD PROXY ERROR: AggregateError: 
UPLOAD PROXY ERROR: Error code: ECONNREFUSED
UPLOAD PROXY ERROR: No response received from backend
UPLOAD PROXY: Received fields: {"user_id":"1","campaign_id":"2"}
UPLOAD PROXY: Received file: png-clipart-graphy-fantasy-warrior-warrior-photography-action-figure.png image/png 39024
UPLOAD PROXY: Forwarding to backend with user_id=1, campaign_id=2
UPLOAD PROXY ERROR: AggregateError: 
UPLOAD PROXY ERROR: Error code: ECONNREFUSED
UPLOAD PROXY ERROR: No response received from backend
UPLOAD: png-clipart-graphy-fantasy-warrior-warrior-photography-action-figure.png - user_id:1 campaign_id:2
UPLOAD ERROR: ECONNREFUSED: 
UPLOAD: door.png - user_id:1 campaign_id:2
UPLOAD ERROR: ECONNREFUSED: 
CAMPAIGN BACKGROUND UPLOAD: png-clipart-graphy-fantasy-warrior-warrior-photography-action-figure.png - user_id:1 campaign_id:2
CAMPAIGN BACKGROUND UPLOAD ERROR: ECONNREFUSED: 
CAMPAIGN BACKGROUND UPLOAD: Untitled.png - user_id:1 campaign_id:2
CAMPAIGN BACKGROUND UPLOAD ERROR: ECONNREFUSED: 
CAMPAIGN BACKGROUND UPLOAD: door.png - user_id:1 campaign_id:2
CAMPAIGN BACKGROUND UPLOAD ERROR: ECONNREFUSED: 
CAMPAIGN BACKGROUND UPLOAD: circle.png - user_id:1 campaign_id:4
CAMPAIGN BACKGROUND UPLOAD ERROR: ECONNREFUSED: 
CAMPAIGN BACKGROUND UPLOAD: test.png - user_id:1 campaign_id:4
CAMPAIGN BACKGROUND UPLOAD ERROR: ECONNREFUSED: 
CAMPAIGN BACKGROUND UPLOAD: test.png - user_id:1 campaign_id:5
CAMPAIGN BACKGROUND UPLOAD: Success
CAMPAIGN BACKGROUND UPLOAD: splash.png - user_id:1 campaign_id:4
CAMPAIGN BACKGROUND UPLOAD ERROR: ECONNREFUSED: 
CAMPAIGN BACKGROUND UPLOAD: RouiaLogo.png - user_id:1 campaign_id:2
CAMPAIGN BACKGROUND UPLOAD ERROR: ECONNREFUSED: 
CAMPAIGN BACKGROUND UPLOAD: RouiaLogo.png - user_id:1 campaign_id:2
CAMPAIGN BACKGROUND UPLOAD ERROR: ECONNREFUSED: 
CAMPAIGN BACKGROUND UPLOAD: RouiaLogo.png - user_id:1 campaign_id:4
CAMPAIGN BACKGROUND UPLOAD ERROR: ECONNREFUSED: 
CAMPAIGN BACKGROUND UPLOAD: RouiaLogo.png - user_id:1 campaign_id:2
CAMPAIGN BACKGROUND UPLOAD: RouiaLogo.png - user_id:1 campaign_id:2
CAMPAIGN BACKGROUND UPLOAD: RouiaLogo.png - user_id:1 campaign_id:2
CAMPAIGN BACKGROUND UPLOAD: RouiaLogo.png - user_id:1 campaign_id:2
CAMPAIGN BACKGROUND UPLOAD: RouiaLogo.png - user_id:1 campaign_id:2
CAMPAIGN BACKGROUND UPLOAD: Success
CAMPAIGN BACKGROUND UPLOAD: Success
CAMPAIGN BACKGROUND UPLOAD: Success
CAMPAIGN BACKGROUND UPLOAD: Success
CAMPAIGN BACKGROUND UPLOAD: Success
Received POST /api/campaigns at frontend proxy: {"name":"test 3.5 2","description":"sada","game_rules_id":"4","image_url":"","username":"nevarim"}
Received POST /api/campaigns at frontend proxy: {"name":"Pathfinder","description":"Waynar world","game_rules_id":"2","image_url":"","username":"nevarim"}
UPLOAD: 1751324998200_Abigail_icon.png - user_id:1 campaign_id:1
UPLOAD ERROR: ERR_BAD_REQUEST: Request failed with status code 400
UPLOAD ERROR: Backend status 400
UPLOAD: 1751324998200_Abigail_icon.png - user_id:1 campaign_id:1
UPLOAD ERROR: ECONNREFUSED: 
UPLOAD: 1751324998200_Abigail_icon.png - user_id:1 campaign_id:1
UPLOAD ERROR: ECONNREFUSED: 
UPLOAD: 1751324998200_Abigail_icon.png - user_id:1 campaign_id:1
UPLOAD ERROR: ECONNREFUSED: 
UPLOAD: Abigail_icon_2.png - user_id:1 campaign_id:8
UPLOAD: Success
UPLOAD: 03 Dreams.mp3 - user_id:1 campaign_id:8
UPLOAD: Success
UPLOAD: 02 All Hooked Up.mp3 - user_id:1 campaign_id:8
UPLOAD: Success
UPLOAD: Adrontariel_icon.png - user_id:1 campaign_id:8
UPLOAD ERROR: ECONNREFUSED: 
UPLOAD: Adrontariel_icon.png - user_id:1 campaign_id:8
UPLOAD ERROR: ECONNREFUSED: 
UPLOAD: Adrontariel_icon.png - user_id:1 campaign_id:8
UPLOAD ERROR: ECONNREFUSED: 
UPLOAD: Adrontariel_icon.png - user_id:1 campaign_id:8
UPLOAD ERROR: ECONNREFUSED: 
CAMPAIGN BACKGROUND UPLOAD: RouiaLogo.png - user_id:1 campaign_id:2
CAMPAIGN BACKGROUND UPLOAD: Success
UPLOAD: RouiaLogo.png - user_id:nevarim campaign_id:4
UPLOAD: Success
Received POST /api/campaigns at frontend proxy: {"name":"1234aaa","description":"00000","game_rules_id":"2","image_url":"","username":"1234"}
UPLOAD: 00012-2260949323.png - user_id:1234 campaign_id:9
UPLOAD: Success
UPLOAD: 00008-679949213.png - user_id:1234 campaign_id:9
UPLOAD: Success
UPLOAD: 00063-15343894.png - user_id:nevarim campaign_id:2
UPLOAD: Success
UPLOAD: 00005-257091290.png - user_id:nevarim campaign_id:4
UPLOAD: Success
Received POST /api/campaigns at frontend proxy: {"name":"Starfinder","description":"Starfinder Campaign","game_rules_id":"6","image_url":"","username":"nevarim"}
UPLOAD: 00015-1785746429.png - user_id:nevarim campaign_id:10
UPLOAD: Success
UPLOAD: 00028-4000537686.png - user_id:nevarim campaign_id:8
UPLOAD: Success
UPLOAD: 00000-2766179786.png - user_id:nevarim campaign_id:7
UPLOAD: Success
UPLOAD: 00029-1996828903.png - user_id:nevarim campaign_id:6
UPLOAD: Success
UPLOAD: 00076-1558891931.png - user_id:nevarim campaign_id:5
UPLOAD: Success
Received POST /api/campaigns at frontend proxy: {"name":"Luigi  Vanacore","description":"","game_rules_id":"3","image_url":"","username":"luigivanacore"}
